<?xml version="1.0" encoding="UTF-8"?>
<!-- Generated by org.testng.reporters.JUnitReportReporter -->
<testsuite hostname="Akeem" failures="0" tests="4" name="day7.Authentications" time="3.708" errors="0" timestamp="2023-08-28T20:41:34 CDT" skipped="0">
  <testcase classname="day7.Authentications" name="testBasicAuthentication" time="2.699"/>
  <system-out/>
  <testcase classname="day7.Authentications" name="testdigestAuthentication" time="0.357"/>
  <system-out/>
  <testcase classname="day7.Authentications" name="testPreemptiveAuthentication" time="0.313"/>
  <system-out/>
  <testcase classname="day7.Authentications" name="testBearerTokenAuthtentication" time="0.339"/>
  <system-out/>
</testsuite> <!-- day7.Authentications -->
