<?xml version="1.0" encoding="UTF-8"?>
<!-- Generated by org.testng.reporters.JUnitReportReporter -->
<testsuite hostname="Akeem" failures="0" tests="1" name="day3.loggingDemo" time="1.838" errors="0" timestamp="2023-08-22T23:00:23 CDT" skipped="0">
  <testcase classname="day3.loggingDemo" name="testLogs" time="1.838"/>
  <system-out/>
</testsuite> <!-- day3.loggingDemo -->
