<?xml version="1.0" encoding="UTF-8"?>
<!-- Generated by org.testng.reporters.JUnitReportReporter -->
<testsuite hostname="Akeem" failures="0" tests="1" name="day8.updateUser" time="1.178" errors="0" timestamp="2023-08-31T23:00:14 CDT" skipped="0">
  <testcase classname="day8.updateUser" name="test_updateUser" time="1.178"/>
  <system-out/>
</testsuite> <!-- day8.updateUser -->
