<?xml version="1.0" encoding="UTF-8"?>
<!-- Generated by org.testng.reporters.JUnitReportReporter -->
<testsuite hostname="Akeem" failures="0" tests="1" name="day2.diffWaysToCreatePostReq" time="1.767" errors="0" timestamp="2023-08-20T13:38:00 CDT" skipped="0">
  <testcase classname="day2.diffWaysToCreatePostReq" name="testPostUsingJsonFile" time="1.767"/>
  <system-out/>
</testsuite> <!-- day2.diffWaysToCreatePostReq -->
