<?xml version="1.0" encoding="UTF-8"?>
<!-- Generated by org.testng.reporters.JUnitReportReporter -->
<testsuite hostname="Akeem" failures="0" tests="1" name="day4.parsingJsonResponseTraining" time="1.499" errors="0" timestamp="2023-09-02T10:32:35 CDT" skipped="0">
  <testcase classname="day4.parsingJsonResponseTraining" name="getResponseArray" time="1.499"/>
  <system-out/>
</testsuite> <!-- day4.parsingJsonResponseTraining -->
