<?xml version="1.0" encoding="UTF-8"?>
<!-- Generated by org.testng.reporters.JUnitReportReporter -->
<testsuite hostname="Akeem" failures="0" tests="1" name="day3.cookiesDemo" time="2.406" errors="0" timestamp="2023-08-21T21:24:46 CDT" skipped="0">
  <testcase classname="day3.cookiesDemo" name="getCookiesinfo" time="2.406"/>
  <system-out/>
</testsuite> <!-- day3.cookiesDemo -->
