<?xml version="1.0" encoding="UTF-8"?>
<!-- Generated by org.testng.reporters.JUnitReportReporter -->
<testsuite hostname="Akeem" failures="0" tests="1" name="day4.ParsingJsonResponseData$ParsingJsonResponseData2" time="2.421" errors="0" timestamp="2023-08-23T21:41:16 CDT" skipped="0">
  <testcase classname="day4.ParsingJsonResponseData$ParsingJsonResponseData2" name="testJsonResponse" time="2.421"/>
  <system-out/>
</testsuite> <!-- day4.ParsingJsonResponseData$ParsingJsonResponseData2 -->
