<?xml version="1.0" encoding="UTF-8"?>
<!-- Generated by org.testng.reporters.JUnitReportReporter -->
<testsuite hostname="Akeem" failures="0" tests="1" name="day8.createUser" time="3.383" errors="0" timestamp="2023-08-31T23:00:14 CDT" skipped="0">
  <testcase classname="day8.createUser" name="test_createUser" time="3.383"/>
  <system-out/>
</testsuite> <!-- day8.createUser -->
