<?xml version="1.0" encoding="UTF-8"?>
<!-- Generated by org.testng.reporters.JUnitReportReporter -->
<testsuite hostname="Akeem" failures="0" tests="1" name="day4.ParsingJsonResponseData" time="1.760" errors="0" timestamp="2023-08-23T22:41:54 CDT" skipped="0">
  <testcase classname="day4.ParsingJsonResponseData" name="testJsonResponse3" time="1.760"/>
  <system-out/>
</testsuite> <!-- day4.ParsingJsonResponseData -->
