<?xml version="1.0" encoding="UTF-8"?>
<!-- Generated by org.testng.reporters.JUnitReportReporter -->
<testsuite hostname="Akeem" failures="0" tests="1" name="day3.pathAndQueryParameters" time="2.353" errors="0" timestamp="2023-08-21T20:51:44 CDT" skipped="0">
  <testcase classname="day3.pathAndQueryParameters" name="testQueryAndPathParameters" time="2.353"/>
  <system-out/>
</testsuite> <!-- day3.pathAndQueryParameters -->
