<?xml version="1.0" encoding="UTF-8"?>
<!-- Generated by org.testng.reporters.JUnitReportReporter -->
<testsuite hostname="Akeem" failures="0" tests="1" name="day3.headersDemo" time="2.186" errors="0" timestamp="2023-08-26T20:45:09 CDT" skipped="0">
  <testcase classname="day3.headersDemo" name="getHeaders" time="2.186"/>
  <system-out/>
</testsuite> <!-- day3.headersDemo -->
