<?xml version="1.0" encoding="UTF-8"?>
<!-- Generated by org.testng.reporters.JUnitReportReporter -->
<testsuite hostname="Akeem" failures="0" tests="1" name="day8.getUser" time="0.544" errors="0" timestamp="2023-08-31T23:00:14 CDT" skipped="0">
  <testcase classname="day8.getUser" name="tes_getUser" time="0.544"/>
  <system-out/>
</testsuite> <!-- day8.getUser -->
