<?xml version="1.0" encoding="UTF-8"?>
<!-- Generated by org.testng.reporters.JUnitReportReporter -->
<testsuite hostname="Akeem" failures="0" tests="3" name="day1.HTTP_Practice" time="2.875" errors="0" timestamp="2024-02-08T16:54:52 CST" skipped="0">
  <testcase classname="day1.HTTP_Practice" name="postUser" time="2.687"/>
  <system-out/>
  <testcase classname="day1.HTTP_Practice" name="getUser" time="0.137"/>
  <system-out/>
  <testcase classname="day1.HTTP_Practice" name="deleteUser" time="0.051"/>
  <system-out/>
</testsuite> <!-- day1.HTTP_Practice -->
