<?xml version="1.0" encoding="UTF-8"?>
<!-- Generated by org.testng.reporters.JUnitReportReporter -->
<testsuite hostname="Akeem" failures="0" tests="1" name="day7.fakerDataGenerator" time="0.257" errors="0" timestamp="2023-08-28T22:39:17 CDT" skipped="0">
  <testcase classname="day7.fakerDataGenerator" name="testGenerateDummyData" time="0.257"/>
  <system-out/>
</testsuite> <!-- day7.fakerDataGenerator -->
