<?xml version="1.0" encoding="UTF-8"?>
<!-- Generated by org.testng.reporters.JUnitReportReporter -->
<testsuite hostname="Akeem" failures="0" tests="1" name="day6.jsonSchemaValidation" time="1.799" errors="0" timestamp="2023-08-27T13:54:33 CDT" skipped="0">
  <testcase classname="day6.jsonSchemaValidation" name="JsonSchemaval" time="1.799"/>
  <system-out/>
</testsuite> <!-- day6.jsonSchemaValidation -->
