<?xml version="1.0" encoding="UTF-8"?>
<!-- Generated by org.testng.reporters.JUnitReportReporter -->
<testsuite hostname="Akeem" failures="0" tests="4" name="day1.HTTPRequest" time="3.398" errors="0" timestamp="2023-08-16T20:53:57 CDT" skipped="0">
  <testcase classname="day1.HTTPRequest" name="getListUser" time="2.116"/>
  <system-out/>
  <testcase classname="day1.HTTPRequest" name="createUser" time="0.609"/>
  <system-out/>
  <testcase classname="day1.HTTPRequest" name="updateUser" time="0.343"/>
  <system-out/>
  <testcase classname="day1.HTTPRequest" name="deleteUser" time="0.330"/>
  <system-out/>
</testsuite> <!-- day1.HTTPRequest -->
