<?xml version="1.0" encoding="UTF-8"?>
<!-- Generated by org.testng.reporters.JUnitReportReporter -->
<testsuite hostname="Akeem" failures="0" tests="2" name="day4.personalParsing" time="2.446" errors="0" timestamp="2023-08-27T13:17:10 CDT" skipped="0">
  <testcase classname="day4.personalParsing" name="parseMethod" time="2.321"/>
  <system-out/>
  <testcase classname="day4.personalParsing" name="parseObj" time="0.125"/>
  <system-out/>
</testsuite> <!-- day4.personalParsing -->
